[INFO] Scanning for projects...
[INFO] 
[INFO] ------------------------< com.shopflow:backend >------------------------
[INFO] Building backend 1.0.0
[INFO]   from pom.xml
[INFO] --------------------------------[ jar ]---------------------------------
[INFO] 
[INFO] >>> spring-boot:3.2.5:run (default-cli) > test-compile @ backend >>>
[INFO] 
[INFO] --- resources:3.3.1:resources (default-resources) @ backend ---
[INFO] Copying 2 resources from src\main\resources to target\classes
[INFO] Copying 0 resource from src\main\resources to target\classes
[INFO] 
[INFO] --- compiler:3.11.0:compile (default-compile) @ backend ---
[INFO] Changes detected - recompiling the module! :source
[INFO] Compiling 102 source files with javac [debug release 21] to target\classes
WARNING: A terminally deprecated method in sun.misc.Unsafe has been called
WARNING: sun.misc.Unsafe::objectFieldOffset has been called by lombok.permit.Permit
WARNING: Please consider reporting this to the maintainers of class lombok.permit.Permit
WARNING: sun.misc.Unsafe::objectFieldOffset will be removed in a future release
[WARNING] Implicitly compiled files were not subject to annotation processing.
  Use -implicit to specify a policy for implicit compilation.
[INFO] 
[INFO] --- resources:3.3.1:testResources (default-testResources) @ backend ---
[INFO] skip non existing resourceDirectory C:\Users\jasse\Desktop\shopflow\backend\src\test\resources
[INFO] 
[INFO] --- compiler:3.11.0:testCompile (default-testCompile) @ backend ---
[INFO] Changes detected - recompiling the module! :dependency
[INFO] Compiling 4 source files with javac [debug release 21] to target\test-classes
[INFO] 
[INFO] <<< spring-boot:3.2.5:run (default-cli) < test-compile @ backend <<<
[INFO] 
[INFO] 
[INFO] --- spring-boot:3.2.5:run (default-cli) @ backend ---
[INFO] Attaching agents: []

  .   ____          _            __ _ _
 /\\ / ___'_ __ _ _(_)_ __  __ _ \ \ \ \
( ( )\___ | '_ | '_| | '_ \/ _` | \ \ \ \
 \\/  ___)| |_)| | | | | || (_| |  ) ) ) )
  '  |____| .__|_| |_|_| |_\__, | / / / /
 =========|_|==============|___/=/_/_/_/
 :: Spring Boot ::                (v3.2.5)

2026-05-01T16:25:22.356+02:00  INFO 22128 --- [backend] [           main] com.shopflow.BackendApplication          : Starting BackendApplication using Java 25 with PID 22128 (C:\Users\jasse\Desktop\shopflow\backend\target\classes started by jasse in C:\Users\jasse\Desktop\shopflow\backend)
2026-05-01T16:25:22.358+02:00  INFO 22128 --- [backend] [           main] com.shopflow.BackendApplication          : The following 1 profile is active: "dev"
2026-05-01T16:25:22.995+02:00  INFO 22128 --- [backend] [           main] .s.d.r.c.RepositoryConfigurationDelegate : Bootstrapping Spring Data JPA repositories in DEFAULT mode.
2026-05-01T16:25:23.072+02:00  INFO 22128 --- [backend] [           main] .s.d.r.c.RepositoryConfigurationDelegate : Finished Spring Data repository scanning in 71 ms. Found 13 JPA repository interfaces.
WARNING: A restricted method in java.lang.System has been called
WARNING: java.lang.System::load has been called by org.apache.tomcat.jni.Library in an unnamed module (file:/C:/Users/jasse/.m2/repository/org/apache/tomcat/embed/tomcat-embed-core/10.1.20/tomcat-embed-core-10.1.20.jar)
WARNING: Use --enable-native-access=ALL-UNNAMED to avoid a warning for callers in this module
WARNING: Restricted methods will be blocked in a future release unless native access is enabled

2026-05-01T16:25:23.523+02:00  INFO 22128 --- [backend] [           main] o.s.b.w.embedded.tomcat.TomcatWebServer  : Tomcat initialized with port 8083 (http)
2026-05-01T16:25:23.535+02:00  INFO 22128 --- [backend] [           main] o.apache.catalina.core.StandardService   : Starting service [Tomcat]
2026-05-01T16:25:23.535+02:00  INFO 22128 --- [backend] [           main] o.apache.catalina.core.StandardEngine    : Starting Servlet engine: [Apache Tomcat/10.1.20]
2026-05-01T16:25:23.588+02:00  INFO 22128 --- [backend] [           main] o.a.c.c.C.[Tomcat].[localhost].[/]       : Initializing Spring embedded WebApplicationContext
2026-05-01T16:25:23.589+02:00  INFO 22128 --- [backend] [           main] w.s.c.ServletWebServerApplicationContext : Root WebApplicationContext: initialization completed in 1198 ms
2026-05-01T16:25:23.611+02:00  INFO 22128 --- [backend] [           main] com.zaxxer.hikari.HikariDataSource       : HikariPool-1 - Starting...
2026-05-01T16:25:23.780+02:00  INFO 22128 --- [backend] [           main] com.zaxxer.hikari.pool.HikariPool        : HikariPool-1 - Added connection conn0: url=jdbc:h2:mem:shopflow user=SA
2026-05-01T16:25:23.781+02:00  INFO 22128 --- [backend] [           main] com.zaxxer.hikari.HikariDataSource       : HikariPool-1 - Start completed.
2026-05-01T16:25:23.790+02:00  INFO 22128 --- [backend] [           main] o.s.b.a.h2.H2ConsoleAutoConfiguration    : H2 console available at '/h2-console'. Database available at 'jdbc:h2:mem:shopflow'
2026-05-01T16:25:23.873+02:00  INFO 22128 --- [backend] [           main] o.hibernate.jpa.internal.util.LogHelper  : HHH000204: Processing PersistenceUnitInfo [name: default]
2026-05-01T16:25:23.937+02:00  INFO 22128 --- [backend] [           main] org.hibernate.Version                    : HHH000412: Hibernate ORM core version 6.4.4.Final
2026-05-01T16:25:23.965+02:00  INFO 22128 --- [backend] [           main] o.h.c.internal.RegionFactoryInitiator    : HHH000026: Second-level cache disabled
2026-05-01T16:25:24.128+02:00  INFO 22128 --- [backend] [           main] o.s.o.j.p.SpringPersistenceUnitInfo      : No LoadTimeWeaver setup: ignoring JPA class transformer
2026-05-01T16:25:25.532+02:00  INFO 22128 --- [backend] [           main] o.h.e.t.j.p.i.JtaPlatformInitiator       : HHH000489: No JTA platform available (set 'hibernate.transaction.jta.platform' to enable JTA platform integration)
Hibernate: create table addresses (id bigint generated by default as identity, city varchar(255) not null, country varchar(255) not null, is_primary boolean not null, postal_code varchar(255) not null, street varchar(255) not null, user_id bigint not null, primary key (id))
Hibernate: create table cart_items (id bigint generated by default as identity, quantity integer not null, cart_id bigint not null, product_id bigint not null, variant_id bigint, primary key (id))
Hibernate: create table carts (id bigint generated by default as identity, last_modified timestamp(6), coupon_id bigint, customer_id bigint not null, primary key (id))
Hibernate: create table categories (id bigint generated by default as identity, description varchar(2000), name varchar(255) not null, parent_id bigint, primary key (id))
Hibernate: create table coupons (id bigint generated by default as identity, active boolean not null, code varchar(255) not null, current_usages integer not null, expires_at timestamp(6), max_usages integer not null, type varchar(255) not null check (type in ('PERCENT','FIXED')), coupon_value numeric(38,2) not null, primary key (id))
Hibernate: create table order_items (id bigint generated by default as identity, quantity integer not null, unit_price numeric(38,2) not null, order_id bigint not null, product_id bigint not null, variant_id bigint, primary key (id))
Hibernate: create table orders (id bigint generated by default as identity, delivery_address varchar(2000), order_number varchar(255) not null, ordered_at timestamp(6), shipping_fee numeric(38,2) not null, status varchar(255) not null check (status in ('PENDING','PAID','PROCESSING','SHIPPED','DELIVERED','CANCELLED','REFUNDED')), sub_total numeric(38,2) not null, totalttc numeric(38,2) not null, customer_id bigint not null, primary key (id))
Hibernate: create table product_categories (product_id bigint not null, category_id bigint not null, primary key (product_id, category_id))
Hibernate: create table product_images (product_id bigint not null, url varchar(2000))
Hibernate: create table product_variants (id bigint generated by default as identity, attribute varchar(255) not null, extra_stock integer not null, price_delta numeric(38,2) not null, variant_value varchar(255) not null, product_id bigint not null, primary key (id))
Hibernate: create table products (id bigint generated by default as identity, active boolean default true not null, created_at timestamp(6), description varchar(2000), name varchar(255) not null, price numeric(38,2) not null, promo_price numeric(38,2), sold_count bigint not null, stock integer not null, seller_profile_id bigint not null, primary key (id))
Hibernate: create table refresh_tokens (id bigint generated by default as identity, expires_at timestamp(6), token varchar(255) not null, used boolean not null, user_id bigint not null, primary key (id))
Hibernate: create table reviews (id bigint generated by default as identity, approved boolean not null, comment varchar(2000), created_at timestamp(6), rating integer not null check ((rating<=5) and (rating>=1)), customer_id bigint not null, product_id bigint not null, primary key (id))
Hibernate: create table seller_profiles (id bigint generated by default as identity, description varchar(2000), logo varchar(255), rating float(53), shop_name varchar(255) not null, user_id bigint not null, primary key (id))
Hibernate: create table users (id bigint generated by default as identity, active boolean default true not null, created_at timestamp(6), email varchar(255) not null, first_name varchar(255), last_name varchar(255), password varchar(255) not null, role varchar(255) not null check (role in ('ADMIN','SELLER','CUSTOMER')), primary key (id))
Hibernate: alter table if exists carts drop constraint if exists UK_88sv4i13lo80s74ox7rsb5a2c
Hibernate: alter table if exists carts add constraint UK_88sv4i13lo80s74ox7rsb5a2c unique (customer_id)
Hibernate: alter table if exists coupons drop constraint if exists UKeplt0kkm9yf2of2lnx6c1oy9b
Hibernate: alter table if exists coupons add constraint UKeplt0kkm9yf2of2lnx6c1oy9b unique (code)
Hibernate: alter table if exists orders drop constraint if exists UKnthkiu7pgmnqnu86i2jyoe2v7
Hibernate: alter table if exists orders add constraint UKnthkiu7pgmnqnu86i2jyoe2v7 unique (order_number)
Hibernate: alter table if exists refresh_tokens drop constraint if exists UKghpmfn23vmxfu3spu3lfg4r2d
Hibernate: alter table if exists refresh_tokens add constraint UKghpmfn23vmxfu3spu3lfg4r2d unique (token)
Hibernate: alter table if exists reviews drop constraint if exists UKsimf6om0sldysicmt4uiyhgdp
Hibernate: alter table if exists reviews add constraint UKsimf6om0sldysicmt4uiyhgdp unique (customer_id, product_id)
Hibernate: alter table if exists seller_profiles drop constraint if exists UK_2264dwvu9q06u7388998fl3he
Hibernate: alter table if exists seller_profiles add constraint UK_2264dwvu9q06u7388998fl3he unique (user_id)
Hibernate: alter table if exists users drop constraint if exists UK6dotkott2kjsp8vw4d0m25fb7
Hibernate: alter table if exists users add constraint UK6dotkott2kjsp8vw4d0m25fb7 unique (email)
Hibernate: alter table if exists addresses add constraint FK1fa36y2oqhao3wgg2rw1pi459 foreign key (user_id) references users
Hibernate: alter table if exists cart_items add constraint FKpcttvuq4mxppo8sxggjtn5i2c foreign key (cart_id) references carts
Hibernate: alter table if exists cart_items add constraint FK1re40cjegsfvw58xrkdp6bac6 foreign key (product_id) references products
Hibernate: alter table if exists cart_items add constraint FK5yyw1o0dor9gmxfra1dqvn4qa foreign key (variant_id) references product_variants
Hibernate: alter table if exists carts add constraint FKb4abp6oso8eo5bqb5y0ggnfl5 foreign key (coupon_id) references coupons
Hibernate: alter table if exists carts add constraint FK99i1rh5nm7r3f1b3wdcuq5h57 foreign key (customer_id) references users
Hibernate: alter table if exists categories add constraint FKsaok720gsu4u2wrgbk10b5n8d foreign key (parent_id) references categories
Hibernate: alter table if exists order_items add constraint FKbioxgbv59vetrxe0ejfubep1w foreign key (order_id) references orders
Hibernate: alter table if exists order_items add constraint FKocimc7dtr037rh4ls4l95nlfi foreign key (product_id) references products
Hibernate: alter table if exists order_items add constraint FKemq71edpbn9wsxnxncfn1algp foreign key (variant_id) references product_variants
Hibernate: alter table if exists orders add constraint FKsjfs85qf6vmcurlx43cnc16gy foreign key (customer_id) references users
Hibernate: alter table if exists product_categories add constraint FKd112rx0alycddsms029iifrih foreign key (category_id) references categories
Hibernate: alter table if exists product_categories add constraint FKlda9rad6s180ha3dl1ncsp8n7 foreign key (product_id) references products
Hibernate: alter table if exists product_images add constraint FKqnq71xsohugpqwf3c9gxmsuy foreign key (product_id) references products
Hibernate: alter table if exists product_variants add constraint FKosqitn4s405cynmhb87lkvuau foreign key (product_id) references products
Hibernate: alter table if exists products add constraint FKkysx1vsiuq47yg7rdic09t4ic foreign key (seller_profile_id) references seller_profiles
Hibernate: alter table if exists refresh_tokens add constraint FK1lih5y2npsf8u5o3vhdb9y0os foreign key (user_id) references users
Hibernate: alter table if exists reviews add constraint FKkquncb1glvrldaui8v52xfd5q foreign key (customer_id) references users
Hibernate: alter table if exists reviews add constraint FKpl51cejpw4gy5swfar8br9ngi foreign key (product_id) references products
Hibernate: alter table if exists seller_profiles add constraint FKcpr5ibp9058g7a9u58wh7xf2y foreign key (user_id) references users
2026-05-01T16:25:25.717+02:00  INFO 22128 --- [backend] [           main] j.LocalContainerEntityManagerFactoryBean : Initialized JPA EntityManagerFactory for persistence unit 'default'
2026-05-01T16:25:26.391+02:00  INFO 22128 --- [backend] [           main] o.s.d.j.r.query.QueryEnhancerFactory     : Hibernate is in classpath; If applicable, HQL parser will be used.
2026-05-01T16:25:27.863+02:00  WARN 22128 --- [backend] [           main] JpaBaseConfiguration$JpaWebConfiguration : spring.jpa.open-in-view is enabled by default. Therefore, database queries may be performed during view rendering. Explicitly configure spring.jpa.open-in-view to disable this warning
2026-05-01T16:25:28.496+02:00  INFO 22128 --- [backend] [           main] o.s.s.web.DefaultSecurityFilterChain     : Will secure any request with [org.springframework.security.web.session.DisableEncodeUrlFilter@103d64a0, org.springframework.security.web.context.request.async.WebAsyncManagerIntegrationFilter@ba8d7c7, org.springframework.security.web.context.SecurityContextHolderFilter@768b79db, org.springframework.security.web.header.HeaderWriterFilter@6c53f543, org.springframework.web.filter.CorsFilter@313d5a87, org.springframework.security.web.authentication.logout.LogoutFilter@3ea7d936, com.shopflow.security.JwtAuthenticationFilter@397f9672, org.springframework.security.web.savedrequest.RequestCacheAwareFilter@61ecb1c8, org.springframework.security.web.servletapi.SecurityContextHolderAwareRequestFilter@11c94cf7, org.springframework.security.web.authentication.AnonymousAuthenticationFilter@5f50f63e, org.springframework.security.web.session.SessionManagementFilter@1ee1c0cc, org.springframework.security.web.access.ExceptionTranslationFilter@21f9b360, org.springframework.security.web.access.intercept.AuthorizationFilter@3934574f]
2026-05-01T16:25:29.080+02:00  INFO 22128 --- [backend] [           main] o.s.b.w.embedded.tomcat.TomcatWebServer  : Tomcat started on port 8083 (http) with context path ''
2026-05-01T16:25:29.098+02:00  INFO 22128 --- [backend] [           main] com.shopflow.BackendApplication          : Started BackendApplication in 7.063 seconds (process running for 7.285)
Hibernate: select count(*) from users u1_0
Hibernate: insert into users (active,created_at,email,first_name,last_name,password,role,id) values (?,?,?,?,?,?,?,default)
Hibernate: insert into users (active,created_at,email,first_name,last_name,password,role,id) values (?,?,?,?,?,?,?,default)
Hibernate: insert into seller_profiles (description,logo,rating,shop_name,user_id,id) values (?,?,?,?,?,default)
Hibernate: insert into users (active,created_at,email,first_name,last_name,password,role,id) values (?,?,?,?,?,?,?,default)
Hibernate: insert into seller_profiles (description,logo,rating,shop_name,user_id,id) values (?,?,?,?,?,default)
Hibernate: insert into categories (description,name,parent_id,id) values (?,?,?,default)
Hibernate: insert into categories (description,name,parent_id,id) values (?,?,?,default)
Hibernate: insert into categories (description,name,parent_id,id) values (?,?,?,default)
Hibernate: insert into products (active,created_at,description,name,price,promo_price,seller_profile_id,sold_count,stock,id) values (?,?,?,?,?,?,?,?,?,default)
Hibernate: insert into product_categories (product_id,category_id) values (?,?)
Hibernate: insert into product_variants (attribute,extra_stock,price_delta,product_id,variant_value,id) values (?,?,?,?,?,default)
Hibernate: insert into product_variants (attribute,extra_stock,price_delta,product_id,variant_value,id) values (?,?,?,?,?,default)
Hibernate: insert into products (active,created_at,description,name,price,promo_price,seller_profile_id,sold_count,stock,id) values (?,?,?,?,?,?,?,?,?,default)
Hibernate: insert into product_categories (product_id,category_id) values (?,?)
Hibernate: insert into product_variants (attribute,extra_stock,price_delta,product_id,variant_value,id) values (?,?,?,?,?,default)
Hibernate: insert into products (active,created_at,description,name,price,promo_price,seller_profile_id,sold_count,stock,id) values (?,?,?,?,?,?,?,?,?,default)
Hibernate: insert into product_categories (product_id,category_id) values (?,?)
Hibernate: insert into product_variants (attribute,extra_stock,price_delta,product_id,variant_value,id) values (?,?,?,?,?,default)
Hibernate: insert into product_variants (attribute,extra_stock,price_delta,product_id,variant_value,id) values (?,?,?,?,?,default)
Hibernate: insert into product_variants (attribute,extra_stock,price_delta,product_id,variant_value,id) values (?,?,?,?,?,default)
Hibernate: insert into products (active,created_at,description,name,price,promo_price,seller_profile_id,sold_count,stock,id) values (?,?,?,?,?,?,?,?,?,default)
Hibernate: insert into product_categories (product_id,category_id) values (?,?)
Hibernate: insert into product_variants (attribute,extra_stock,price_delta,product_id,variant_value,id) values (?,?,?,?,?,default)
Hibernate: insert into products (active,created_at,description,name,price,promo_price,seller_profile_id,sold_count,stock,id) values (?,?,?,?,?,?,?,?,?,default)
Hibernate: insert into product_categories (product_id,category_id) values (?,?)
Hibernate: insert into product_variants (attribute,extra_stock,price_delta,product_id,variant_value,id) values (?,?,?,?,?,default)
Hibernate: insert into product_variants (attribute,extra_stock,price_delta,product_id,variant_value,id) values (?,?,?,?,?,default)
Hibernate: insert into coupons (active,code,current_usages,expires_at,max_usages,type,coupon_value,id) values (?,?,?,?,?,?,?,default)
Hibernate: insert into coupons (active,code,current_usages,expires_at,max_usages,type,coupon_value,id) values (?,?,?,?,?,?,?,default)
Sample data initialized successfully!
Admin credentials: admin@shopflow.com / admin123
Seller1 credentials: seller1@shopflow.com / seller123
Seller2 credentials: seller2@shopflow.com / seller123
2026-05-01T16:26:49.303+02:00  INFO 22128 --- [backend] [nio-8083-exec-1] o.a.c.c.C.[Tomcat].[localhost].[/]       : Initializing Spring DispatcherServlet 'dispatcherServlet'
2026-05-01T16:26:49.303+02:00  INFO 22128 --- [backend] [nio-8083-exec-1] o.s.web.servlet.DispatcherServlet        : Initializing Servlet 'dispatcherServlet'
2026-05-01T16:26:49.306+02:00  INFO 22128 --- [backend] [nio-8083-exec-1] o.s.web.servlet.DispatcherServlet        : Completed initialization in 2 ms
Hibernate: select c1_0.id,c1_0.description,c1_0.name,c1_0.parent_id from categories c1_0 where c1_0.parent_id is null
Hibernate: select p1_0.id,p1_0.active,p1_0.created_at,p1_0.description,p1_0.name,p1_0.price,p1_0.promo_price,p1_0.seller_profile_id,p1_0.sold_count,p1_0.stock from products p1_0 where p1_0.active offset ? rows fetch first ? rows only
Hibernate: select c1_0.parent_id,c1_0.id,c1_0.description,c1_0.name from categories c1_0 where c1_0.parent_id=?
Hibernate: select c1_0.parent_id,c1_0.id,c1_0.description,c1_0.name from categories c1_0 where c1_0.parent_id=?
Hibernate: select c1_0.parent_id,c1_0.id,c1_0.description,c1_0.name from categories c1_0 where c1_0.parent_id=?
Hibernate: select sp1_0.id,sp1_0.description,sp1_0.logo,sp1_0.rating,sp1_0.shop_name,sp1_0.user_id from seller_profiles sp1_0 where sp1_0.id=?
Hibernate: select c1_0.product_id,c1_1.id,c1_1.description,c1_1.name,c1_1.parent_id from product_categories c1_0 join categories c1_1 on c1_1.id=c1_0.category_id where c1_0.product_id=?
Hibernate: select i1_0.product_id,i1_0.url from product_images i1_0 where i1_0.product_id=?
Hibernate: select avg(cast(r1_0.rating as float(53))) from reviews r1_0 where r1_0.product_id=? and r1_0.approved=true
Hibernate: select c1_0.product_id,c1_1.id,c1_1.description,c1_1.name,c1_1.parent_id from product_categories c1_0 join categories c1_1 on c1_1.id=c1_0.category_id where c1_0.product_id=?
Hibernate: select i1_0.product_id,i1_0.url from product_images i1_0 where i1_0.product_id=?
Hibernate: select avg(cast(r1_0.rating as float(53))) from reviews r1_0 where r1_0.product_id=? and r1_0.approved=true
Hibernate: select sp1_0.id,sp1_0.description,sp1_0.logo,sp1_0.rating,sp1_0.shop_name,sp1_0.user_id from seller_profiles sp1_0 where sp1_0.id=?
Hibernate: select c1_0.product_id,c1_1.id,c1_1.description,c1_1.name,c1_1.parent_id from product_categories c1_0 join categories c1_1 on c1_1.id=c1_0.category_id where c1_0.product_id=?
Hibernate: select i1_0.product_id,i1_0.url from product_images i1_0 where i1_0.product_id=?
Hibernate: select avg(cast(r1_0.rating as float(53))) from reviews r1_0 where r1_0.product_id=? and r1_0.approved=true
Hibernate: select c1_0.product_id,c1_1.id,c1_1.description,c1_1.name,c1_1.parent_id from product_categories c1_0 join categories c1_1 on c1_1.id=c1_0.category_id where c1_0.product_id=?
Hibernate: select i1_0.product_id,i1_0.url from product_images i1_0 where i1_0.product_id=?
Hibernate: select avg(cast(r1_0.rating as float(53))) from reviews r1_0 where r1_0.product_id=? and r1_0.approved=true
Hibernate: select c1_0.product_id,c1_1.id,c1_1.description,c1_1.name,c1_1.parent_id from product_categories c1_0 join categories c1_1 on c1_1.id=c1_0.category_id where c1_0.product_id=?
Hibernate: select i1_0.product_id,i1_0.url from product_images i1_0 where i1_0.product_id=?
Hibernate: select avg(cast(r1_0.rating as float(53))) from reviews r1_0 where r1_0.product_id=? and r1_0.approved=true
Hibernate: select c1_0.id,c1_0.description,c1_0.name,c1_0.parent_id from categories c1_0 where c1_0.parent_id is null
Hibernate: select c1_0.parent_id,c1_0.id,c1_0.description,c1_0.name from categories c1_0 where c1_0.parent_id=?
Hibernate: select c1_0.parent_id,c1_0.id,c1_0.description,c1_0.name from categories c1_0 where c1_0.parent_id=?
Hibernate: select c1_0.parent_id,c1_0.id,c1_0.description,c1_0.name from categories c1_0 where c1_0.parent_id=?
Hibernate: select p1_0.id,p1_0.active,p1_0.created_at,p1_0.description,p1_0.name,p1_0.price,p1_0.promo_price,p1_0.seller_profile_id,p1_0.sold_count,p1_0.stock from products p1_0 where p1_0.active offset ? rows fetch first ? rows only
Hibernate: select sp1_0.id,sp1_0.description,sp1_0.logo,sp1_0.rating,sp1_0.shop_name,sp1_0.user_id from seller_profiles sp1_0 where sp1_0.id=?
Hibernate: select c1_0.product_id,c1_1.id,c1_1.description,c1_1.name,c1_1.parent_id from product_categories c1_0 join categories c1_1 on c1_1.id=c1_0.category_id where c1_0.product_id=?
Hibernate: select i1_0.product_id,i1_0.url from product_images i1_0 where i1_0.product_id=?
Hibernate: select avg(cast(r1_0.rating as float(53))) from reviews r1_0 where r1_0.product_id=? and r1_0.approved=true
Hibernate: select c1_0.product_id,c1_1.id,c1_1.description,c1_1.name,c1_1.parent_id from product_categories c1_0 join categories c1_1 on c1_1.id=c1_0.category_id where c1_0.product_id=?
Hibernate: select i1_0.product_id,i1_0.url from product_images i1_0 where i1_0.product_id=?
Hibernate: select avg(cast(r1_0.rating as float(53))) from reviews r1_0 where r1_0.product_id=? and r1_0.approved=true
Hibernate: select sp1_0.id,sp1_0.description,sp1_0.logo,sp1_0.rating,sp1_0.shop_name,sp1_0.user_id from seller_profiles sp1_0 where sp1_0.id=?
Hibernate: select c1_0.product_id,c1_1.id,c1_1.description,c1_1.name,c1_1.parent_id from product_categories c1_0 join categories c1_1 on c1_1.id=c1_0.category_id where c1_0.product_id=?
Hibernate: select i1_0.product_id,i1_0.url from product_images i1_0 where i1_0.product_id=?
Hibernate: select avg(cast(r1_0.rating as float(53))) from reviews r1_0 where r1_0.product_id=? and r1_0.approved=true
Hibernate: select c1_0.product_id,c1_1.id,c1_1.description,c1_1.name,c1_1.parent_id from product_categories c1_0 join categories c1_1 on c1_1.id=c1_0.category_id where c1_0.product_id=?
Hibernate: select i1_0.product_id,i1_0.url from product_images i1_0 where i1_0.product_id=?
Hibernate: select avg(cast(r1_0.rating as float(53))) from reviews r1_0 where r1_0.product_id=? and r1_0.approved=true
Hibernate: select c1_0.product_id,c1_1.id,c1_1.description,c1_1.name,c1_1.parent_id from product_categories c1_0 join categories c1_1 on c1_1.id=c1_0.category_id where c1_0.product_id=?
Hibernate: select i1_0.product_id,i1_0.url from product_images i1_0 where i1_0.product_id=?
Hibernate: select avg(cast(r1_0.rating as float(53))) from reviews r1_0 where r1_0.product_id=? and r1_0.approved=true
Hibernate: select c1_0.id,c1_0.description,c1_0.name,c1_0.parent_id from categories c1_0 where c1_0.parent_id is null
Hibernate: select c1_0.parent_id,c1_0.id,c1_0.description,c1_0.name from categories c1_0 where c1_0.parent_id=?
Hibernate: select c1_0.parent_id,c1_0.id,c1_0.description,c1_0.name from categories c1_0 where c1_0.parent_id=?
Hibernate: select c1_0.parent_id,c1_0.id,c1_0.description,c1_0.name from categories c1_0 where c1_0.parent_id=?
Hibernate: select c1_0.id,c1_0.description,c1_0.name,c1_0.parent_id from categories c1_0 where c1_0.parent_id is null
Hibernate: select c1_0.parent_id,c1_0.id,c1_0.description,c1_0.name from categories c1_0 where c1_0.parent_id=?
Hibernate: select c1_0.parent_id,c1_0.id,c1_0.description,c1_0.name from categories c1_0 where c1_0.parent_id=?
Hibernate: select c1_0.parent_id,c1_0.id,c1_0.description,c1_0.name from categories c1_0 where c1_0.parent_id=?
Hibernate: select c1_0.id,c1_0.description,c1_0.name,c1_0.parent_id from categories c1_0 where c1_0.parent_id is null
Hibernate: select c1_0.parent_id,c1_0.id,c1_0.description,c1_0.name from categories c1_0 where c1_0.parent_id=?
Hibernate: select c1_0.parent_id,c1_0.id,c1_0.description,c1_0.name from categories c1_0 where c1_0.parent_id=?
Hibernate: select c1_0.parent_id,c1_0.id,c1_0.description,c1_0.name from categories c1_0 where c1_0.parent_id=?
Hibernate: select p1_0.id,p1_0.active,p1_0.created_at,p1_0.description,p1_0.name,p1_0.price,p1_0.promo_price,p1_0.seller_profile_id,p1_0.sold_count,p1_0.stock from products p1_0 where p1_0.active offset ? rows fetch first ? rows only
Hibernate: select sp1_0.id,sp1_0.description,sp1_0.logo,sp1_0.rating,sp1_0.shop_name,sp1_0.user_id from seller_profiles sp1_0 where sp1_0.id=?
Hibernate: select c1_0.product_id,c1_1.id,c1_1.description,c1_1.name,c1_1.parent_id from product_categories c1_0 join categories c1_1 on c1_1.id=c1_0.category_id where c1_0.product_id=?
Hibernate: select i1_0.product_id,i1_0.url from product_images i1_0 where i1_0.product_id=?
Hibernate: select avg(cast(r1_0.rating as float(53))) from reviews r1_0 where r1_0.product_id=? and r1_0.approved=true
Hibernate: select c1_0.product_id,c1_1.id,c1_1.description,c1_1.name,c1_1.parent_id from product_categories c1_0 join categories c1_1 on c1_1.id=c1_0.category_id where c1_0.product_id=?
Hibernate: select i1_0.product_id,i1_0.url from product_images i1_0 where i1_0.product_id=?
Hibernate: select avg(cast(r1_0.rating as float(53))) from reviews r1_0 where r1_0.product_id=? and r1_0.approved=true
Hibernate: select sp1_0.id,sp1_0.description,sp1_0.logo,sp1_0.rating,sp1_0.shop_name,sp1_0.user_id from seller_profiles sp1_0 where sp1_0.id=?
Hibernate: select c1_0.product_id,c1_1.id,c1_1.description,c1_1.name,c1_1.parent_id from product_categories c1_0 join categories c1_1 on c1_1.id=c1_0.category_id where c1_0.product_id=?
Hibernate: select i1_0.product_id,i1_0.url from product_images i1_0 where i1_0.product_id=?
Hibernate: select avg(cast(r1_0.rating as float(53))) from reviews r1_0 where r1_0.product_id=? and r1_0.approved=true
Hibernate: select c1_0.product_id,c1_1.id,c1_1.description,c1_1.name,c1_1.parent_id from product_categories c1_0 join categories c1_1 on c1_1.id=c1_0.category_id where c1_0.product_id=?
Hibernate: select i1_0.product_id,i1_0.url from product_images i1_0 where i1_0.product_id=?
Hibernate: select avg(cast(r1_0.rating as float(53))) from reviews r1_0 where r1_0.product_id=? and r1_0.approved=true
Hibernate: select c1_0.product_id,c1_1.id,c1_1.description,c1_1.name,c1_1.parent_id from product_categories c1_0 join categories c1_1 on c1_1.id=c1_0.category_id where c1_0.product_id=?
Hibernate: select i1_0.product_id,i1_0.url from product_images i1_0 where i1_0.product_id=?
Hibernate: select avg(cast(r1_0.rating as float(53))) from reviews r1_0 where r1_0.product_id=? and r1_0.approved=true
Hibernate: select c1_0.id,c1_0.description,c1_0.name,c1_0.parent_id from categories c1_0 where c1_0.parent_id is null
Hibernate: select c1_0.parent_id,c1_0.id,c1_0.description,c1_0.name from categories c1_0 where c1_0.parent_id=?
Hibernate: select c1_0.parent_id,c1_0.id,c1_0.description,c1_0.name from categories c1_0 where c1_0.parent_id=?
Hibernate: select c1_0.parent_id,c1_0.id,c1_0.description,c1_0.name from categories c1_0 where c1_0.parent_id=?
Hibernate: select p1_0.id,p1_0.active,p1_0.created_at,p1_0.description,p1_0.name,p1_0.price,p1_0.promo_price,p1_0.seller_profile_id,p1_0.sold_count,p1_0.stock from products p1_0 where p1_0.active offset ? rows fetch first ? rows only
Hibernate: select sp1_0.id,sp1_0.description,sp1_0.logo,sp1_0.rating,sp1_0.shop_name,sp1_0.user_id from seller_profiles sp1_0 where sp1_0.id=?
Hibernate: select c1_0.product_id,c1_1.id,c1_1.description,c1_1.name,c1_1.parent_id from product_categories c1_0 join categories c1_1 on c1_1.id=c1_0.category_id where c1_0.product_id=?
Hibernate: select i1_0.product_id,i1_0.url from product_images i1_0 where i1_0.product_id=?
Hibernate: select avg(cast(r1_0.rating as float(53))) from reviews r1_0 where r1_0.product_id=? and r1_0.approved=true
Hibernate: select c1_0.product_id,c1_1.id,c1_1.description,c1_1.name,c1_1.parent_id from product_categories c1_0 join categories c1_1 on c1_1.id=c1_0.category_id where c1_0.product_id=?
Hibernate: select i1_0.product_id,i1_0.url from product_images i1_0 where i1_0.product_id=?
Hibernate: select avg(cast(r1_0.rating as float(53))) from reviews r1_0 where r1_0.product_id=? and r1_0.approved=true
Hibernate: select sp1_0.id,sp1_0.description,sp1_0.logo,sp1_0.rating,sp1_0.shop_name,sp1_0.user_id from seller_profiles sp1_0 where sp1_0.id=?
Hibernate: select c1_0.product_id,c1_1.id,c1_1.description,c1_1.name,c1_1.parent_id from product_categories c1_0 join categories c1_1 on c1_1.id=c1_0.category_id where c1_0.product_id=?
Hibernate: select i1_0.product_id,i1_0.url from product_images i1_0 where i1_0.product_id=?
Hibernate: select avg(cast(r1_0.rating as float(53))) from reviews r1_0 where r1_0.product_id=? and r1_0.approved=true
Hibernate: select c1_0.product_id,c1_1.id,c1_1.description,c1_1.name,c1_1.parent_id from product_categories c1_0 join categories c1_1 on c1_1.id=c1_0.category_id where c1_0.product_id=?
Hibernate: select i1_0.product_id,i1_0.url from product_images i1_0 where i1_0.product_id=?
Hibernate: select avg(cast(r1_0.rating as float(53))) from reviews r1_0 where r1_0.product_id=? and r1_0.approved=true
Hibernate: select c1_0.product_id,c1_1.id,c1_1.description,c1_1.name,c1_1.parent_id from product_categories c1_0 join categories c1_1 on c1_1.id=c1_0.category_id where c1_0.product_id=?
Hibernate: select i1_0.product_id,i1_0.url from product_images i1_0 where i1_0.product_id=?
Hibernate: select avg(cast(r1_0.rating as float(53))) from reviews r1_0 where r1_0.product_id=? and r1_0.approved=true
